Traceback (most recent call last):
  File "/home/kicksdoors/Desktop/perle-swimwear-landing/ecommerce_perle/manage.py", line 14, in <module>
    main()
  File "/home/kicksdoors/Desktop/perle-swimwear-landing/ecommerce_perle/manage.py", line 10, in main
    execute_from_command_line(sys.argv)
  File "/home/kicksdoors/Desktop/perle-swimwear-landing/ecommerce_perle/.venv/lib/python3.11/site-packages/django/core/management/__init__.py", line 442, in execute_from_command_line
    utility.execute()
  File "/home/kicksdoors/Desktop/perle-swimwear-landing/ecommerce_perle/.venv/lib/python3.11/site-packages/django/core/management/__init__.py", line 436, in execute
    self.fetch_command(subcommand).run_from_argv(self.argv)
  File "/home/kicksdoors/Desktop/perle-swimwear-landing/ecommerce_perle/.venv/lib/python3.11/site-packages/django/core/management/base.py", line 420, in run_from_argv
    self.execute(*args, **cmd_options)
  File "/home/kicksdoors/Desktop/perle-swimwear-landing/ecommerce_perle/.venv/lib/python3.11/site-packages/django/core/management/base.py", line 464, in execute
    output = self.handle(*args, **options)
             ^^^^^^^^^^^^^^^^^^^^^^^^^^^^^
  File "/home/kicksdoors/Desktop/perle-swimwear-landing/ecommerce_perle/.venv/lib/python3.11/site-packages/django/core/management/base.py", line 111, in wrapper
    res = handle_func(*args, **kwargs)
          ^^^^^^^^^^^^^^^^^^^^^^^^^^^^
  File "/home/kicksdoors/Desktop/perle-swimwear-landing/ecommerce_perle/.venv/lib/python3.11/site-packages/django/core/management/commands/migrate.py", line 114, in handle
    executor = MigrationExecutor(connection, self.migration_progress_callback)
               ^^^^^^^^^^^^^^^^^^^^^^^^^^^^^^^^^^^^^^^^^^^^^^^^^^^^^^^^^^^^^^^
  File "/home/kicksdoors/Desktop/perle-swimwear-landing/ecommerce_perle/.venv/lib/python3.11/site-packages/django/db/migrations/executor.py", line 18, in __init__
    self.loader = MigrationLoader(self.connection)
                  ^^^^^^^^^^^^^^^^^^^^^^^^^^^^^^^^
  File "/home/kicksdoors/Desktop/perle-swimwear-landing/ecommerce_perle/.venv/lib/python3.11/site-packages/django/db/migrations/loader.py", line 58, in __init__
    self.build_graph()
  File "/home/kicksdoors/Desktop/perle-swimwear-landing/ecommerce_perle/.venv/lib/python3.11/site-packages/django/db/migrations/loader.py", line 235, in build_graph
    self.applied_migrations = recorder.applied_migrations()
                              ^^^^^^^^^^^^^^^^^^^^^^^^^^^^^
  File "/home/kicksdoors/Desktop/perle-swimwear-landing/ecommerce_perle/.venv/lib/python3.11/site-packages/django/db/migrations/recorder.py", line 89, in applied_migrations
    if self.has_table():
       ^^^^^^^^^^^^^^^^
  File "/home/kicksdoors/Desktop/perle-swimwear-landing/ecommerce_perle/.venv/lib/python3.11/site-packages/django/db/migrations/recorder.py", line 63, in has_table
    with self.connection.cursor() as cursor:
         ^^^^^^^^^^^^^^^^^^^^^^^^
  File "/home/kicksdoors/Desktop/perle-swimwear-landing/ecommerce_perle/.venv/lib/python3.11/site-packages/django/utils/asyncio.py", line 26, in inner
    return func(*args, **kwargs)
           ^^^^^^^^^^^^^^^^^^^^^
  File "/home/kicksdoors/Desktop/perle-swimwear-landing/ecommerce_perle/.venv/lib/python3.11/site-packages/django/db/backends/base/base.py", line 320, in cursor
    return self._cursor()
           ^^^^^^^^^^^^^^
  File "/home/kicksdoors/Desktop/perle-swimwear-landing/ecommerce_perle/.venv/lib/python3.11/site-packages/django/db/backends/base/base.py", line 296, in _cursor
    self.ensure_connection()
  File "/home/kicksdoors/Desktop/perle-swimwear-landing/ecommerce_perle/.venv/lib/python3.11/site-packages/django/utils/asyncio.py", line 26, in inner
    return func(*args, **kwargs)
           ^^^^^^^^^^^^^^^^^^^^^
  File "/home/kicksdoors/Desktop/perle-swimwear-landing/ecommerce_perle/.venv/lib/python3.11/site-packages/django/db/backends/base/base.py", line 279, in ensure_connection
    self.connect()
  File "/home/kicksdoors/Desktop/perle-swimwear-landing/ecommerce_perle/.venv/lib/python3.11/site-packages/django/utils/asyncio.py", line 26, in inner
    return func(*args, **kwargs)
           ^^^^^^^^^^^^^^^^^^^^^
  File "/home/kicksdoors/Desktop/perle-swimwear-landing/ecommerce_perle/.venv/lib/python3.11/site-packages/django/db/backends/base/base.py", line 256, in connect
    self.connection = self.get_new_connection(conn_params)
                      ^^^^^^^^^^^^^^^^^^^^^^^^^^^^^^^^^^^^
  File "/home/kicksdoors/Desktop/perle-swimwear-landing/ecommerce_perle/.venv/lib/python3.11/site-packages/django/utils/asyncio.py", line 26, in inner
    return func(*args, **kwargs)
           ^^^^^^^^^^^^^^^^^^^^^
  File "/home/kicksdoors/Desktop/perle-swimwear-landing/ecommerce_perle/.venv/lib/python3.11/site-packages/django/db/backends/sqlite3/base.py", line 206, in get_new_connection
    conn = Database.connect(**conn_params)
           ^^^^^^^^^^^^^^^^^^^^^^^^^^^^^^^
TypeError: 'sslmode' is an invalid keyword argument for Connection()
