[21/Feb/2026 19:38:33] "GET / HTTP/1.1" 200 11938
[21/Feb/2026 19:38:33] "GET / HTTP/1.1" 200 11938
[21/Feb/2026 19:38:45] "GET /api/products/ HTTP/1.1" 200 3294
[21/Feb/2026 19:38:45] "POST /api/cart/items/ HTTP/1.1" 403 46
[21/Feb/2026 19:38:45] "POST /checkout/api/checkout/confirm/ HTTP/1.1" 403 46
[21/Feb/2026 19:38:45] "GET /api/products/ HTTP/1.1" 200 3294
[21/Feb/2026 19:38:45] "GET / HTTP/1.1" 200 11938
[21/Feb/2026 19:38:45] "POST /api/cart/items/ HTTP/1.1" 201 225
[21/Feb/2026 19:38:45] "GET /checkout/ HTTP/1.1" 200 7344
[21/Feb/2026 19:38:45] "POST /checkout/api/checkout/confirm/ HTTP/1.1" 201 169
[21/Feb/2026 19:38:45] "GET /orders/confirmation/489ee722-499b-43b1-80ac-6162b717e2de/ HTTP/1.1" 200 4903
[21/Feb/2026 19:38:45] "GET /orders/confirmation/489ee722-499b-43b1-80ac-6162b717e2de/ HTTP/1.1" 404 179
[21/Feb/2026 19:38:45] "GET / HTTP/1.1" 200 11938
[21/Feb/2026 19:38:45] "GET /cart/ HTTP/1.1" 200 6046
[21/Feb/2026 19:38:45] "GET /checkout/ HTTP/1.1" 200 7344
[21/Feb/2026 19:38:45] "GET /orders/confirmation/489ee722-499b-43b1-80ac-6162b717e2de/ HTTP/1.1" 404 179
[21/Feb/2026 19:44:53] "GET / HTTP/1.1" 200 11938
[21/Feb/2026 19:44:53] "GET /robots.txt HTTP/1.1" 404 179
[21/Feb/2026 19:44:53] "GET /sitemap.xml HTTP/1.1" 404 179
[21/Feb/2026 19:44:53] "GET / HTTP/1.1" 200 11938
[21/Feb/2026 19:44:53] "GET / HTTP/1.1" 200 11938
[21/Feb/2026 19:44:53] "GET /checkout/ HTTP/1.1" 200 7344
[21/Feb/2026 19:44:53] "GET /legal/terms/ HTTP/1.1" 200 4410
[21/Feb/2026 19:44:53] "GET /product/one-piece-sole/ HTTP/1.1" 200 9682
[21/Feb/2026 19:44:53] "GET /legal/privacy/ HTTP/1.1" 200 4383
[21/Feb/2026 19:44:53] "GET /product/bikini-reversible-aura/ HTTP/1.1" 200 9670
[21/Feb/2026 19:44:53] "GET /cart/ HTTP/1.1" 200 6046
[21/Feb/2026 19:44:53] "GET /legal/shipping-returns/ HTTP/1.1" 200 4547
[21/Feb/2026 19:44:53] "GET /static/brand/favicon.e33303963673.png HTTP/1.1" 200 23649
[21/Feb/2026 19:44:53] "GET /static/css/perle.a5b983782c7e.css HTTP/1.1" 200 21535
[21/Feb/2026 19:44:53] "GET /product/trikini-nacar/ HTTP/1.1" 200 9685
[21/Feb/2026 19:44:53] "GET /static/brand/perle-wordmark.35163cea16fe.png HTTP/1.1" 200 23052
[21/Feb/2026 19:44:53] "GET /static/js/storefront.53b0e3ca436f.js HTTP/1.1" 200 22825
[21/Feb/2026 19:44:53] "GET /checkout/?city=East+Romaineburgh&coupon_code=ZAP&email=zaproxy%40example.com&full_name=ZAP&line1=ZAP&payment_method=manual&phone=9999999999&state=Oklahoma HTTP/1.1" 200 7344
