{
  "generated_at_epoch_ms": 1771747143990,
  "base_url": "http://127.0.0.1:8011",
  "variant_id": 13,
  "stock_cap": 20,
  "stock_before": 8,
  "stock_final": 0,
  "cart_stress": {
    "users": 40,
    "iterations_per_user": 50,
    "total_ops": 2000,
    "server_5xx": 0,
    "json_errors": 0,
    "negative_qty_hits": 0,
    "exceptions": 0,
    "duration_ms": 21625
  },
  "checkout_race": {
    "workers": 60,
    "duration_ms": 2598,
    "checkout_status_counts": {
      "429": 40,
      "201": 8,
      "400": 12
    },
    "checkout_success_201": 8,
    "checkout_controlled_400": 12,
    "checkout_controlled_409": 0,
    "checkout_throttled_429": 40,
    "checkout_5xx": 0,
    "exceptions": 0
  },
  "admin_read_heavy": {
    "rounds": 100,
    "duration_ms": 33187,
    "requests_observed": 800,
    "status_counts": {
      "200": 800
    },
    "server_5xx": 0,
    "errors": 0,
    "latency_ms_p50": 1302.1702039999923,
    "latency_ms_p95": 5267.555580999982,
    "latency_ms_avg": 1564.1460160800002
  }
}
