[22/Feb/2026 02:58:08] "GET / HTTP/1.1" 200 13150
[22/Feb/2026 02:58:08] "GET / HTTP/1.1" 200 13150
[22/Feb/2026 02:58:21] "GET /api/products/ HTTP/1.1" 200 3294
[22/Feb/2026 02:58:21] "POST /api/cart/items/ HTTP/1.1" 403 46
[22/Feb/2026 02:58:21] "POST /checkout/api/checkout/confirm/ HTTP/1.1" 403 46
[22/Feb/2026 02:58:21] "GET /api/products/ HTTP/1.1" 200 3294
[22/Feb/2026 02:58:21] "GET / HTTP/1.1" 200 13150
[22/Feb/2026 02:58:21] "POST /api/cart/items/ HTTP/1.1" 201 225
[22/Feb/2026 02:58:21] "GET /checkout/ HTTP/1.1" 200 7784
[22/Feb/2026 02:58:21] "POST /checkout/api/checkout/confirm/ HTTP/1.1" 201 169
[22/Feb/2026 02:58:21] "GET /orders/confirmation/382dde10-211f-4300-8637-96cfcfef66e4/ HTTP/1.1" 200 5078
[22/Feb/2026 02:58:21] "GET /orders/confirmation/382dde10-211f-4300-8637-96cfcfef66e4/ HTTP/1.1" 404 179
[22/Feb/2026 02:58:21] "GET / HTTP/1.1" 200 13150
[22/Feb/2026 02:58:21] "GET /cart/ HTTP/1.1" 200 6545
[22/Feb/2026 02:58:21] "GET /checkout/ HTTP/1.1" 200 7784
[22/Feb/2026 02:58:21] "GET /orders/confirmation/382dde10-211f-4300-8637-96cfcfef66e4/ HTTP/1.1" 404 179
[22/Feb/2026 02:59:06] "GET / HTTP/1.1" 200 13150
[22/Feb/2026 02:59:06] "GET /robots.txt HTTP/1.1" 404 179
[22/Feb/2026 02:59:06] "GET /sitemap.xml HTTP/1.1" 404 179
[22/Feb/2026 02:59:06] "GET / HTTP/1.1" 200 13150
[22/Feb/2026 02:59:06] "GET /checkout/ HTTP/1.1" 200 7784
[22/Feb/2026 02:59:06] "GET / HTTP/1.1" 200 13150
[22/Feb/2026 02:59:06] "GET /legal/terms/ HTTP/1.1" 200 4585
[22/Feb/2026 02:59:06] "GET /product/bikini-reversible-aura/ HTTP/1.1" 200 9845
[22/Feb/2026 02:59:06] "GET /cart/ HTTP/1.1" 200 6545
[22/Feb/2026 02:59:06] "GET /product/trikini-nacar/ HTTP/1.1" 200 9860
[22/Feb/2026 02:59:06] "GET /product/one-piece-sole/ HTTP/1.1" 200 9857
[22/Feb/2026 02:59:06] "GET /static/brand/favicon.e33303963673.png HTTP/1.1" 200 23649
[22/Feb/2026 02:59:06] "GET /static/css/perle.a5b983782c7e.css HTTP/1.1" 200 21535
[22/Feb/2026 02:59:06] "GET /static/css/perle_editorial.c7e30872204f.css HTTP/1.1" 200 8452
[22/Feb/2026 02:59:06] "GET /static/brand/perle-wordmark.35163cea16fe.png HTTP/1.1" 200 23052
[22/Feb/2026 02:59:06] "GET /static/js/storefront.3d7d6d930806.js HTTP/1.1" 200 23737
[22/Feb/2026 02:59:06] "POST / HTTP/1.1" 403 1025
[22/Feb/2026 02:59:06] "GET /checkout/?city=East+Romaineburgh&coupon_code=ZAP&email=zaproxy%40example.com&full_name=ZAP&line1=ZAP&payment_method=manual&phone=9999999999&state=Oklahoma HTTP/1.1" 200 7784
