[21/Feb/2026 12:17:39] "GET / HTTP/1.1" 200 11929
[21/Feb/2026 12:17:39] "GET / HTTP/1.1" 200 11929
[21/Feb/2026 12:17:48] "GET /api/products/ HTTP/1.1" 200 3294
[21/Feb/2026 12:17:48] "POST /api/cart/items/ HTTP/1.1" 403 46
[21/Feb/2026 12:17:48] "POST /checkout/api/checkout/confirm/ HTTP/1.1" 403 46
[21/Feb/2026 12:17:48] "GET /admin/login/ HTTP/1.1" 200 8231
[21/Feb/2026 12:17:48] "GET /admin/login/ HTTP/1.1" 200 8231
[21/Feb/2026 12:17:49] "POST /admin/login/?next=/admin/ HTTP/1.1" 200 8491
[21/Feb/2026 12:17:49] "GET /admin/login/ HTTP/1.1" 200 8231
[21/Feb/2026 12:17:49] "POST /admin/login/?next=/admin/ HTTP/1.1" 200 8491
[21/Feb/2026 12:17:49] "GET /admin/login/ HTTP/1.1" 200 8231
[21/Feb/2026 12:17:49] "POST /admin/login/?next=/admin/ HTTP/1.1" 200 8491
[21/Feb/2026 12:17:49] "GET /admin/login/ HTTP/1.1" 200 8231
[21/Feb/2026 12:17:50] "POST /admin/login/?next=/admin/ HTTP/1.1" 200 8491
[21/Feb/2026 12:17:50] "GET /admin/login/ HTTP/1.1" 200 8231
[21/Feb/2026 12:17:50] "POST /admin/login/?next=/admin/ HTTP/1.1" 200 8491
[21/Feb/2026 12:17:50] "GET /admin/login/ HTTP/1.1" 200 8231
[21/Feb/2026 12:17:50] "POST /admin/login/?next=/admin/ HTTP/1.1" 200 8491
[21/Feb/2026 12:17:50] "GET /admin/login/ HTTP/1.1" 200 8231
[21/Feb/2026 12:17:51] "POST /admin/login/?next=/admin/ HTTP/1.1" 200 8491
[21/Feb/2026 12:17:51] "GET /admin/login/ HTTP/1.1" 200 8231
[21/Feb/2026 12:17:51] "POST /admin/login/?next=/admin/ HTTP/1.1" 200 8491
[21/Feb/2026 12:17:51] "GET /admin/login/ HTTP/1.1" 200 8231
[21/Feb/2026 12:17:52] "POST /admin/login/?next=/admin/ HTTP/1.1" 200 8491
[21/Feb/2026 12:17:52] "GET /admin/login/ HTTP/1.1" 200 8231
[21/Feb/2026 12:17:52] "POST /admin/login/?next=/admin/ HTTP/1.1" 200 8491
[21/Feb/2026 12:17:52] "GET /api/products/ HTTP/1.1" 200 3294
[21/Feb/2026 12:17:52] "GET / HTTP/1.1" 200 11929
[21/Feb/2026 12:17:52] "POST /api/cart/items/ HTTP/1.1" 201 225
[21/Feb/2026 12:17:52] "GET /checkout/ HTTP/1.1" 200 7335
[21/Feb/2026 12:17:52] "POST /checkout/api/checkout/confirm/ HTTP/1.1" 201 169
[21/Feb/2026 12:17:52] "GET /orders/confirmation/0e1b3efa-536b-486f-b94e-f36849e6a3ca/ HTTP/1.1" 200 4894
[21/Feb/2026 12:17:52] "GET /orders/confirmation/0e1b3efa-536b-486f-b94e-f36849e6a3ca/ HTTP/1.1" 404 179
[21/Feb/2026 12:17:52] "GET / HTTP/1.1" 200 11929
[21/Feb/2026 12:17:52] "GET /admin/login/ HTTP/1.1" 200 8231
[21/Feb/2026 12:17:52] "GET /checkout/ HTTP/1.1" 200 7335
